<?xml version="1.0" encoding="UTF-8"?>
<testsuite xmlns:xsi="http://www.w3.org/2001/XMLSchema-instance" xsi:noNamespaceSchemaLocation="https://maven.apache.org/surefire/maven-surefire-plugin/xsd/surefire-test-report.xsd" version="3.0.2" name="CatTest" time="0.15" tests="4" errors="0" skipped="0" failures="0">
  <properties>
[...]
</properties>
  <testcase name="catGetSoundReturnsMeow" classname="CatTest" time="0.035"/>
  <testcase name="testGetFood(String, String)[1]" classname="CatTest" time="0.024"/>
  <testcase name="testGetFood(String, String)[2]" classname="CatTest" time="0.003"/>
  <testcase name="catGetFoodReturnsMeat" classname="CatTest" time="0.002"/>
</testsuite>